================================================================================
PERFORMANCE METRICS SUMMARY
================================================================================
Method: PostService.getAllPosts(..)
  Total Calls: 19
  Successful: 19
  Failed: 0
  Avg Execution Time: 53 ms
  Min Execution Time: 8 ms
  Max Execution Time: 245 ms
--------------------------------------------------------------------------------
Method: CommentService.getCommentById(..)
  Total Calls: 13
  Successful: 13
  Failed: 0
  Avg Execution Time: 3 ms
  Min Execution Time: 2 ms
  Max Execution Time: 15 ms
--------------------------------------------------------------------------------
Method: PerformanceMetricsService.getAllMetrics()
  Total Calls: 8
  Successful: 8
  Failed: 0
  Avg Execution Time: 0 ms
  Min Execution Time: 0 ms
  Max Execution Time: 1 ms
--------------------------------------------------------------------------------
Method: PerformanceMetricsService.getMetricsSummary()
  Total Calls: 8
  Successful: 8
  Failed: 0
  Avg Execution Time: 1 ms
  Min Execution Time: 0 ms
  Max Execution Time: 5 ms
--------------------------------------------------------------------------------
Method: PostService.getPostById(..)
  Total Calls: 4
  Successful: 2
  Failed: 2
  Avg Execution Time: 16 ms
  Min Execution Time: 3 ms
  Max Execution Time: 43 ms
--------------------------------------------------------------------------------
Method: PerformanceMetricsService.exportPerformanceSummary()
  Total Calls: 1
  Successful: 1
  Failed: 0
  Avg Execution Time: 9 ms
  Min Execution Time: 9 ms
  Max Execution Time: 9 ms
--------------------------------------------------------------------------------
Method: CommentService.addCommentToPost(..)
  Total Calls: 2
  Successful: 2
  Failed: 0
  Avg Execution Time: 21 ms
  Min Execution Time: 8 ms
  Max Execution Time: 35 ms
--------------------------------------------------------------------------------
Method: CommentService.getAllCommentsByPostId(..)
  Total Calls: 9
  Successful: 9
  Failed: 0
  Avg Execution Time: 14 ms
  Min Execution Time: 8 ms
  Max Execution Time: 40 ms
--------------------------------------------------------------------------------