================================================================================
PERFORMANCE METRICS SUMMARY
================================================================================
Method: PostService.getAllPosts(..)
  Total Calls: 4
  Successful: 4
  Failed: 0
  Avg Execution Time: 128 ms
  Min Execution Time: 35 ms
  Max Execution Time: 189 ms
--------------------------------------------------------------------------------
Method: PerformanceMetricsService.getAllMetrics()
  Total Calls: 6
  Successful: 6
  Failed: 0
  Avg Execution Time: 0 ms
  Min Execution Time: 0 ms
  Max Execution Time: 1 ms
--------------------------------------------------------------------------------
Method: PerformanceMetricsService.getMetricsSummary()
  Total Calls: 6
  Successful: 6
  Failed: 0
  Avg Execution Time: 0 ms
  Min Execution Time: 0 ms
  Max Execution Time: 2 ms
--------------------------------------------------------------------------------
Method: PostService.getPostById(..)
  Total Calls: 6
  Successful: 6
  Failed: 0
  Avg Execution Time: 14 ms
  Min Execution Time: 11 ms
  Max Execution Time: 22 ms
--------------------------------------------------------------------------------
Method: TagService.getPopularTags()
  Total Calls: 1
  Successful: 1
  Failed: 0
  Avg Execution Time: 91 ms
  Min Execution Time: 91 ms
  Max Execution Time: 91 ms
--------------------------------------------------------------------------------
Method: PerformanceMetricsService.getAllCacheMetrics()
  Total Calls: 6
  Successful: 6
  Failed: 0
  Avg Execution Time: 0 ms
  Min Execution Time: 0 ms
  Max Execution Time: 2 ms
--------------------------------------------------------------------------------
Method: PerformanceMetricsService.getCacheSummary()
  Total Calls: 6
  Successful: 6
  Failed: 0
  Avg Execution Time: 0 ms
  Min Execution Time: 0 ms
  Max Execution Time: 2 ms
--------------------------------------------------------------------------------
Method: CommentService.getAllCommentsByPostId(..)
  Total Calls: 6
  Successful: 6
  Failed: 0
  Avg Execution Time: 17 ms
  Min Execution Time: 8 ms
  Max Execution Time: 45 ms
--------------------------------------------------------------------------------
