================================================================================
PERFORMANCE METRICS SUMMARY
================================================================================
Method: PostService.getAllPosts(..)
  Total Calls: 141
  Successful: 141
  Failed: 0
  Avg Execution Time: 70 ms
  Min Execution Time: 15 ms
  Max Execution Time: 1283 ms
--------------------------------------------------------------------------------
Method: PerformanceMetricsService.getMetricsSummary()
  Total Calls: 6
  Successful: 6
  Failed: 0
  Avg Execution Time: 4 ms
  Min Execution Time: 0 ms
  Max Execution Time: 24 ms
--------------------------------------------------------------------------------
Method: UserService.signInUser(..)
  Total Calls: 5
  Successful: 5
  Failed: 0
  Avg Execution Time: 345 ms
  Min Execution Time: 269 ms
  Max Execution Time: 470 ms
--------------------------------------------------------------------------------
Method: PostService.deletePost(..)
  Total Calls: 3
  Successful: 3
  Failed: 0
  Avg Execution Time: 10 ms
  Min Execution Time: 6 ms
  Max Execution Time: 20 ms
--------------------------------------------------------------------------------
Method: PostService.createPost(..)
  Total Calls: 2
  Successful: 2
  Failed: 0
  Avg Execution Time: 134 ms
  Min Execution Time: 48 ms
  Max Execution Time: 221 ms
--------------------------------------------------------------------------------
Method: PerformanceMetricsService.exportPerformanceSummary()
  Total Calls: 1
  Successful: 1
  Failed: 0
  Avg Execution Time: 35 ms
  Min Execution Time: 35 ms
  Max Execution Time: 35 ms
--------------------------------------------------------------------------------
Method: CommentService.addCommentToPost(..)
  Total Calls: 7
  Successful: 7
  Failed: 0
  Avg Execution Time: 15 ms
  Min Execution Time: 7 ms
  Max Execution Time: 50 ms
--------------------------------------------------------------------------------
Method: CommentService.getAllCommentsByPostId(..)
  Total Calls: 115
  Successful: 111
  Failed: 4
  Avg Execution Time: 13 ms
  Min Execution Time: 3 ms
  Max Execution Time: 308 ms
--------------------------------------------------------------------------------
Method: PerformanceMetricsService.getAllMetrics()
  Total Calls: 6
  Successful: 6
  Failed: 0
  Avg Execution Time: 0 ms
  Min Execution Time: 0 ms
  Max Execution Time: 0 ms
--------------------------------------------------------------------------------
Method: PostService.getPostById(..)
  Total Calls: 125
  Successful: 121
  Failed: 4
  Avg Execution Time: 14 ms
  Min Execution Time: 3 ms
  Max Execution Time: 308 ms
--------------------------------------------------------------------------------
Method: TagService.getPopularTags()
  Total Calls: 104
  Successful: 104
  Failed: 0
  Avg Execution Time: 7 ms
  Min Execution Time: 1 ms
  Max Execution Time: 171 ms
--------------------------------------------------------------------------------
Method: TagService.getOrCreateTags(..)
  Total Calls: 7
  Successful: 7
  Failed: 0
  Avg Execution Time: 23 ms
  Min Execution Time: 2 ms
  Max Execution Time: 85 ms
--------------------------------------------------------------------------------
Method: CommentService.deleteComment(..)
  Total Calls: 6
  Successful: 2
  Failed: 4
  Avg Execution Time: 15 ms
  Min Execution Time: 5 ms
  Max Execution Time: 37 ms
--------------------------------------------------------------------------------
Method: PostService.updatePost(..)
  Total Calls: 5
  Successful: 5
  Failed: 0
  Avg Execution Time: 20 ms
  Min Execution Time: 9 ms
  Max Execution Time: 42 ms
--------------------------------------------------------------------------------
